#
# A fatal error has been detected by the Java Runtime Environment:
#
#  EXCEPTION_ACCESS_VIOLATION (0xc0000005) at pc=0x0000000059718f45, pid=13264, tid=3432
#
# JRE version: Java(TM) SE Runtime Environment (8.0_91-b14) (build 1.8.0_91-b14)
# Java VM: Java HotSpot(TM) 64-Bit Server VM (25.91-b14 mixed mode windows-amd64 compressed oops)
# Problematic frame:
# V  [jvm.dll+0x128f45]
#
# Failed to write core dump. Minidumps are not enabled by default on client versions of Windows
#
# If you would like to submit a bug report, please visit:
#   http://bugreport.java.com/bugreport/crash.jsp
#

---------------  T H R E A D  ---------------

Current thread (0x000000001966c800):  JavaThread "JDWP Transport Listener: dt_socket" daemon [_thread_in_vm, id=3432, stack(0x000000001a100000,0x000000001a200000)]

siginfo: ExceptionCode=0xc0000005, reading address 0x00000000003b3e3b

Registers:
RAX=0x000000001a1ff701, RBX=0x000000001966c800, RCX=0x00000000003b3e3b, RDX=0x0000000000000000
RSP=0x000000001a1ff6c0, RBP=0x00000000003b3e3b, RSI=0x000000001a1ff7d8, RDI=0x00000000027339e0
R8 =0x000000001966c800, R9 =0x0000000000008000, R10=0x0000000000000000, R11=0x00000000199679e4
R12=0x0000000000000000, R13=0x000000001966d108, R14=0x0000000000000000, R15=0x0000000000000000
RIP=0x0000000059718f45, EFLAGS=0x0000000000010202

Top of Stack: (sp=0x000000001a1ff6c0)
0x000000001a1ff6c0:   000000001966c800 000000001966c800
0x000000001a1ff6d0:   000000001a1ff788 000000005991f32b
0x000000001a1ff6e0:   000000001966c800 000000005993bb8d
0x000000001a1ff6f0:   0000000000000000 0000000059339155
0x000000001a1ff700:   00000000198111e0 000000005934291e
0x000000001a1ff710:   000000001966c800 0000000000000000
0x000000001a1ff720:   0000000000000000 0000000000000000
0x000000001a1ff730:   00000000003b3e3b 0000000059341a15
0x000000001a1ff740:   000000001a1ff7d8 000000001a1ff7b0
0x000000001a1ff750:   0000000000000001 00000000198111e0
0x000000001a1ff760:   00000000003b3e3b 00000000593253b3
0x000000001a1ff770:   000000001a1ff8a0 0000000000000001
0x000000001a1ff780:   0000000000000001 00000000198111e0
0x000000001a1ff790:   0000000000000002 0000000000000000
0x000000001a1ff7a0:   0000000000000000 0000000000000000
0x000000001a1ff7b0:   0000000000000001 0000000059325571 

Instructions: (pc=0x0000000059718f45)
0x0000000059718f25:   cc cc cc cc cc cc cc cc cc cc cc 48 83 ec 28 48
0x0000000059718f35:   85 c9 75 07 33 c0 48 83 c4 28 c3 48 89 5c 24 20
0x0000000059718f45:   48 8b 19 48 85 db 74 20 48 83 fb 37 74 1a 48 8b
0x0000000059718f55:   13 48 8b cb ff 52 10 84 c0 74 0d 48 8b c3 48 8b 


Register to memory mapping:

RAX=0x000000001a1ff701 is pointing into the stack for thread: 0x000000001966c800
RBX=0x000000001966c800 is a thread
RCX=0x00000000003b3e3b is an unknown value
RDX=0x0000000000000000 is an unknown value
RSP=0x000000001a1ff6c0 is pointing into the stack for thread: 0x000000001966c800
RBP=0x00000000003b3e3b is an unknown value
RSI=0x000000001a1ff7d8 is pointing into the stack for thread: 0x000000001966c800
RDI=0x00000000027339e0 is an unknown value
R8 =0x000000001966c800 is a thread
R9 =0x0000000000008000 is an unknown value
R10=0x0000000000000000 is an unknown value
R11=0x00000000199679e4 is an unknown value
R12=0x0000000000000000 is an unknown value
R13=0x000000001966d108 is an unknown value
R14=0x0000000000000000 is an unknown value
R15=0x0000000000000000 is an unknown value


Stack: [0x000000001a100000,0x000000001a200000],  sp=0x000000001a1ff6c0,  free space=1021k
Native frames: (J=compiled Java code, j=interpreted, Vv=VM code, C=native code)
V  [jvm.dll+0x128f45]
V  [jvm.dll+0x34bb8d]
C  [jdwp.dll+0x21a15]
C  [jdwp.dll+0x53b3]
C  [jdwp.dll+0x5571]
C  [jdwp.dll+0xf0a8]
C  [jdwp.dll+0x1f2d5]
C  [jdwp.dll+0x1f4aa]
V  [jvm.dll+0x1bbf38]
V  [jvm.dll+0x243ae4]
V  [jvm.dll+0x29a99a]
C  [msvcr100.dll+0x21d9f]
C  [msvcr100.dll+0x21e3b]
C  [KERNEL32.DLL+0x13d2]
C  [ntdll.dll+0x154e4]


---------------  P R O C E S S  ---------------

Java Threads: ( => current thread )
  0x000000001971f000 JavaThread "Service Thread" daemon [_thread_blocked, id=3920, stack(0x000000001a800000,0x000000001a900000)]
  0x0000000019693000 JavaThread "C1 CompilerThread3" daemon [_thread_blocked, id=5556, stack(0x000000001a700000,0x000000001a800000)]
  0x0000000019692000 JavaThread "C2 CompilerThread2" daemon [_thread_blocked, id=2720, stack(0x000000001a600000,0x000000001a700000)]
  0x0000000019690800 JavaThread "C2 CompilerThread1" daemon [_thread_blocked, id=8420, stack(0x000000001a500000,0x000000001a600000)]
  0x0000000019686800 JavaThread "C2 CompilerThread0" daemon [_thread_blocked, id=9856, stack(0x000000001a400000,0x000000001a500000)]
  0x000000001967b800 JavaThread "JDWP Command Reader" daemon [_thread_in_native, id=12800, stack(0x000000001a300000,0x000000001a400000)]
  0x0000000019678800 JavaThread "JDWP Event Helper Thread" daemon [_thread_blocked, id=9688, stack(0x000000001a200000,0x000000001a300000)]
=>0x000000001966c800 JavaThread "JDWP Transport Listener: dt_socket" daemon [_thread_in_vm, id=3432, stack(0x000000001a100000,0x000000001a200000)]
  0x0000000019662000 JavaThread "Attach Listener" daemon [_thread_blocked, id=8260, stack(0x0000000019d20000,0x0000000019e20000)]
  0x0000000019661000 JavaThread "Signal Dispatcher" daemon [_thread_blocked, id=9224, stack(0x0000000019c20000,0x0000000019d20000)]
  0x0000000019650800 JavaThread "Finalizer" daemon [_thread_blocked, id=8012, stack(0x0000000019a30000,0x0000000019b30000)]
  0x000000000282e000 JavaThread "Reference Handler" daemon [_thread_blocked, id=828, stack(0x0000000019530000,0x0000000019630000)]
  0x0000000002738000 JavaThread "main" [_thread_blocked, id=8536, stack(0x0000000002610000,0x0000000002710000)]

Other Threads:
  0x0000000017769000 VMThread [stack: 0x0000000019430000,0x0000000019530000] [id=12572]
  0x00000000197b4800 WatcherThread [stack: 0x000000001a900000,0x000000001aa00000] [id=11472]

VM state:not at safepoint (normal execution)

VM Mutex/Monitor currently owned by a thread: None

Heap:
 PSYoungGen      total 67072K, used 35269K [0x00000000d6000000, 0x00000000dde80000, 0x0000000100000000)
  eden space 6144K, 14% used [0x00000000d6000000,0x00000000d60e16e0,0x00000000d6600000)
  from space 60928K, 56% used [0x00000000d6600000,0x00000000d8790000,0x00000000da180000)
  to   space 61440K, 0% used [0x00000000da280000,0x00000000da280000,0x00000000dde80000)
 ParOldGen       total 473088K, used 341456K [0x0000000082000000, 0x000000009ee00000, 0x00000000d6000000)
  object space 473088K, 72% used [0x0000000082000000,0x0000000096d74030,0x000000009ee00000)
 Metaspace       used 7390K, capacity 7536K, committed 7808K, reserved 1056768K
  class space    used 759K, capacity 788K, committed 896K, reserved 1048576K

Card table byte_map: [0x0000000011bf0000,0x0000000011ff0000] byte_map_base: 0x00000000117e0000

Marking Bits: (ParMarkBitMap*) 0x0000000059e02f70
 Begin Bits: [0x0000000012a90000, 0x0000000014a10000)
 End Bits:   [0x0000000014a10000, 0x0000000016990000)

Polling page: 0x0000000000ca0000

CodeCache: size=245760Kb used=5382Kb max_used=5394Kb free=240377Kb
 bounds [0x0000000002830000, 0x0000000002da0000, 0x0000000011830000]
 total_blobs=1376 nmethods=1065 adapters=232
 compilation: enabled

Compilation events (10 events):
Event: 557.733 Thread 0x0000000019692000 1285   !   4       org.firebirdsql.jgds.GDS_Impl::isc_dsql_execute2 (317 bytes)
Event: 557.775 Thread 0x0000000019690800 nmethod 1283 0x0000000002b7c810 code [0x0000000002b7ca00, 0x0000000002b7dd40]
Event: 557.775 Thread 0x0000000019690800 1286       4       org.firebirdsql.jdbc.AbstractStatement::getCachedResultSet (73 bytes)
Event: 557.790 Thread 0x0000000019692000 nmethod 1285 0x0000000002b74510 code [0x0000000002b746e0, 0x0000000002b755b0]
Event: 557.828 Thread 0x0000000019686800 nmethod 1284 0x0000000002d82b10 code [0x0000000002d82d40, 0x0000000002d84d00]
Event: 557.856 Thread 0x0000000019690800 nmethod 1286 0x0000000002b57f10 code [0x0000000002b58120, 0x0000000002b597f8]
Event: 558.666 Thread 0x0000000019692000 1287       4       org.firebirdsql.jdbc.field.FBIntegerField::setInteger (16 bytes)
Event: 558.669 Thread 0x0000000019692000 nmethod 1287 0x0000000002b9bed0 code [0x0000000002b9c020, 0x0000000002b9c198]
Event: 567.369 Thread 0x0000000019686800 1288       4       org.firebirdsql.gds.XdrOutputStream::writeSQLData (351 bytes)
Event: 567.387 Thread 0x0000000019686800 nmethod 1288 0x0000000002b56e10 code [0x0000000002b56f80, 0x0000000002b57798]

GC Heap History (10 events):
Event: 596.195 GC heap before
{Heap before GC invocations=51 (full 4):
 PSYoungGen      total 67584K, used 26880K [0x00000000d6000000, 0x00000000de600000, 0x0000000100000000)
  eden space 5120K, 100% used [0x00000000d6000000,0x00000000d6500000,0x00000000d6500000)
  from space 62464K, 34% used [0x00000000da900000,0x00000000dbe40000,0x00000000de600000)
  to   space 66048K, 0% used [0x00000000d6500000,0x00000000d6500000,0x00000000da580000)
 ParOldGen       total 473088K, used 338464K [0x0000000082000000, 0x000000009ee00000, 0x00000000d6000000)
  object space 473088K, 71% used [0x0000000082000000,0x0000000096a88030,0x000000009ee00000)
 Metaspace       used 7389K, capacity 7536K, committed 7808K, reserved 1056768K
  class space    used 758K, capacity 788K, committed 896K, reserved 1048576K
Event: 596.220 GC heap after
Heap after GC invocations=51 (full 4):
 PSYoungGen      total 29696K, used 24448K [0x00000000d6000000, 0x00000000de080000, 0x0000000100000000)
  eden space 5120K, 0% used [0x00000000d6000000,0x00000000d6000000,0x00000000d6500000)
  from space 24576K, 99% used [0x00000000d6500000,0x00000000d7ce0000,0x00000000d7d00000)
  to   space 62976K, 0% used [0x00000000da300000,0x00000000da300000,0x00000000de080000)
 ParOldGen       total 473088K, used 338464K [0x0000000082000000, 0x000000009ee00000, 0x00000000d6000000)
  object space 473088K, 71% used [0x0000000082000000,0x0000000096a88030,0x000000009ee00000)
 Metaspace       used 7389K, capacity 7536K, committed 7808K, reserved 1056768K
  class space    used 758K, capacity 788K, committed 896K, reserved 1048576K
}
Event: 597.471 GC heap before
{Heap before GC invocations=52 (full 4):
 PSYoungGen      total 29696K, used 29568K [0x00000000d6000000, 0x00000000de080000, 0x0000000100000000)
  eden space 5120K, 100% used [0x00000000d6000000,0x00000000d6500000,0x00000000d6500000)
  from space 24576K, 99% used [0x00000000d6500000,0x00000000d7ce0000,0x00000000d7d00000)
  to   space 62976K, 0% used [0x00000000da300000,0x00000000da300000,0x00000000de080000)
 ParOldGen       total 473088K, used 338464K [0x0000000082000000, 0x000000009ee00000, 0x00000000d6000000)
  object space 473088K, 71% used [0x0000000082000000,0x0000000096a88030,0x000000009ee00000)
 Metaspace       used 7389K, capacity 7536K, committed 7808K, reserved 1056768K
  class space    used 758K, capacity 788K, committed 896K, reserved 1048576K
Event: 597.500 GC heap after
Heap after GC invocations=52 (full 4):
 PSYoungGen      total 65536K, used 27520K [0x00000000d6000000, 0x00000000ddd80000, 0x0000000100000000)
  eden space 5632K, 0% used [0x00000000d6000000,0x00000000d6000000,0x00000000d6580000)
  from space 59904K, 45% used [0x00000000da300000,0x00000000dbde0000,0x00000000ddd80000)
  to   space 61440K, 0% used [0x00000000d6580000,0x00000000d6580000,0x00000000da180000)
 ParOldGen       total 473088K, used 338464K [0x0000000082000000, 0x000000009ee00000, 0x00000000d6000000)
  object space 473088K, 71% used [0x0000000082000000,0x0000000096a88030,0x000000009ee00000)
 Metaspace       used 7389K, capacity 7536K, committed 7808K, reserved 1056768K
  class space    used 758K, capacity 788K, committed 896K, reserved 1048576K
}
Event: 598.992 GC heap before
{Heap before GC invocations=53 (full 4):
 PSYoungGen      total 65536K, used 33152K [0x00000000d6000000, 0x00000000ddd80000, 0x0000000100000000)
  eden space 5632K, 100% used [0x00000000d6000000,0x00000000d6580000,0x00000000d6580000)
  from space 59904K, 45% used [0x00000000da300000,0x00000000dbde0000,0x00000000ddd80000)
  to   space 61440K, 0% used [0x00000000d6580000,0x00000000d6580000,0x00000000da180000)
 ParOldGen       total 473088K, used 338464K [0x0000000082000000, 0x000000009ee00000, 0x00000000d6000000)
  object space 473088K, 71% used [0x0000000082000000,0x0000000096a88030,0x000000009ee00000)
 Metaspace       used 7389K, capacity 7536K, committed 7808K, reserved 1056768K
  class space    used 758K, capacity 788K, committed 896K, reserved 1048576K
Event: 599.023 GC heap after
Heap after GC invocations=53 (full 4):
 PSYoungGen      total 67072K, used 30176K [0x00000000d6000000, 0x00000000ddd00000, 0x0000000100000000)
  eden space 5632K, 0% used [0x00000000d6000000,0x00000000d6000000,0x00000000d6580000)
  from space 61440K, 49% used [0x00000000d6580000,0x00000000d82f8000,0x00000000da180000)
  to   space 60928K, 0% used [0x00000000da180000,0x00000000da180000,0x00000000ddd00000)
 ParOldGen       total 473088K, used 339264K [0x0000000082000000, 0x000000009ee00000, 0x00000000d6000000)
  object space 473088K, 71% used [0x0000000082000000,0x0000000096b50030,0x000000009ee00000)
 Metaspace       used 7389K, capacity 7536K, committed 7808K, reserved 1056768K
  class space    used 758K, capacity 788K, committed 896K, reserved 1048576K
}
Event: 599.700 GC heap before
{Heap before GC invocations=54 (full 4):
 PSYoungGen      total 67072K, used 35808K [0x00000000d6000000, 0x00000000ddd00000, 0x0000000100000000)
  eden space 5632K, 100% used [0x00000000d6000000,0x00000000d6580000,0x00000000d6580000)
  from space 61440K, 49% used [0x00000000d6580000,0x00000000d82f8000,0x00000000da180000)
  to   space 60928K, 0% used [0x00000000da180000,0x00000000da180000,0x00000000ddd00000)
 ParOldGen       total 473088K, used 339264K [0x0000000082000000, 0x000000009ee00000, 0x00000000d6000000)
  object space 473088K, 71% used [0x0000000082000000,0x0000000096b50030,0x000000009ee00000)
 Metaspace       used 7389K, capacity 7536K, committed 7808K, reserved 1056768K
  class space    used 758K, capacity 788K, committed 896K, reserved 1048576K
Event: 599.733 GC heap after
Heap after GC invocations=54 (full 4):
 PSYoungGen      total 67072K, used 32096K [0x00000000d6000000, 0x00000000ddd00000, 0x0000000100000000)
  eden space 6144K, 0% used [0x00000000d6000000,0x00000000d6000000,0x00000000d6600000)
  from space 60928K, 52% used [0x00000000da180000,0x00000000dc0d8000,0x00000000ddd00000)
  to   space 60928K, 0% used [0x00000000d6600000,0x00000000d6600000,0x00000000da180000)
 ParOldGen       total 473088K, used 340360K [0x0000000082000000, 0x000000009ee00000, 0x00000000d6000000)
  object space 473088K, 71% used [0x0000000082000000,0x0000000096c62030,0x000000009ee00000)
 Metaspace       used 7389K, capacity 7536K, committed 7808K, reserved 1056768K
  class space    used 758K, capacity 788K, committed 896K, reserved 1048576K
}
Event: 600.719 GC heap before
{Heap before GC invocations=55 (full 4):
 PSYoungGen      total 67072K, used 38240K [0x00000000d6000000, 0x00000000ddd00000, 0x0000000100000000)
  eden space 6144K, 100% used [0x00000000d6000000,0x00000000d6600000,0x00000000d6600000)
  from space 60928K, 52% used [0x00000000da180000,0x00000000dc0d8000,0x00000000ddd00000)
  to   space 60928K, 0% used [0x00000000d6600000,0x00000000d6600000,0x00000000da180000)
 ParOldGen       total 473088K, used 340360K [0x0000000082000000, 0x000000009ee00000, 0x00000000d6000000)
  object space 473088K, 71% used [0x0000000082000000,0x0000000096c62030,0x000000009ee00000)
 Metaspace       used 7389K, capacity 7536K, committed 7808K, reserved 1056768K
  class space    used 758K, capacity 788K, committed 896K, reserved 1048576K
Event: 600.756 GC heap after
Heap after GC invocations=55 (full 4):
 PSYoungGen      total 67072K, used 34368K [0x00000000d6000000, 0x00000000dde80000, 0x0000000100000000)
  eden space 6144K, 0% used [0x00000000d6000000,0x00000000d6000000,0x00000000d6600000)
  from space 60928K, 56% used [0x00000000d6600000,0x00000000d8790000,0x00000000da180000)
  to   space 61440K, 0% used [0x00000000da280000,0x00000000da280000,0x00000000dde80000)
 ParOldGen       total 473088K, used 341456K [0x0000000082000000, 0x000000009ee00000, 0x00000000d6000000)
  object space 473088K, 72% used [0x0000000082000000,0x0000000096d74030,0x000000009ee00000)
 Metaspace       used 7389K, capacity 7536K, committed 7808K, reserved 1056768K
  class space    used 758K, capacity 788K, committed 896K, reserved 1048576K
}

Deoptimization events (10 events):
Event: 109.288 Thread 0x0000000002738000 Uncommon trap: reason=unstable_if action=reinterpret pc=0x0000000002bb40d4 method=org.firebirdsql.jdbc.field.FBField.isType(Lorg/firebirdsql/gds/XSQLVAR;I)Z @ 320
Event: 109.290 Thread 0x0000000002738000 Uncommon trap: reason=null_check action=make_not_entrant pc=0x0000000002bac4c8 method=org.firebirdsql.jdbc.FBResultSet.getField(Ljava/lang/String;)Lorg/firebirdsql/jdbc/field/FBField; @ 60
Event: 229.378 Thread 0x0000000002738000 Uncommon trap: reason=unstable_if action=reinterpret pc=0x0000000002cdce44 method=java.util.ArrayList$Itr.hasNext()Z @ 11
Event: 253.600 Thread 0x0000000002738000 Uncommon trap: reason=speculate_class_check action=maybe_recompile pc=0x0000000002cecd20 method=java.lang.Object.toString()Ljava/lang/String; @ 23
Event: 264.886 Thread 0x0000000002738000 Uncommon trap: reason=speculate_class_check action=maybe_recompile pc=0x0000000002cecd20 method=java.lang.Object.toString()Ljava/lang/String; @ 23
Event: 264.886 Thread 0x0000000002738000 Uncommon trap: reason=speculate_class_check action=maybe_recompile pc=0x0000000002cecd20 method=java.lang.Object.toString()Ljava/lang/String; @ 23
Event: 264.886 Thread 0x0000000002738000 Uncommon trap: reason=speculate_class_check action=maybe_recompile pc=0x0000000002cecd20 method=java.lang.Object.toString()Ljava/lang/String; @ 23
Event: 264.886 Thread 0x0000000002738000 Uncommon trap: reason=unstable_if action=reinterpret pc=0x0000000002ce3b30 method=java.lang.String.valueOf(Ljava/lang/Object;)Ljava/lang/String; @ 1
Event: 529.751 Thread 0x0000000002738000 Uncommon trap: reason=unstable_if action=reinterpret pc=0x0000000002b2dcbc method=org.firebirdsql.jdbc.FBCachedFetcher.<init>(Lorg/firebirdsql/jdbc/AbstractConnection;Lorg/firebirdsql/jdbc/AbstractStatement;Lorg/firebirdsql/gds/isc_stmt_handle;Lorg/firebiræ◊◊XÅ@
Event: 555.011 Thread 0x0000000002738000 Uncommon trap: reason=unstable_if action=reinterpret pc=0x000000000294dbb4 method=java.util.GregorianCalendar.computeFields(II)I @ 447

Internal exceptions (7 events):
Event: 0.064 Thread 0x0000000002738000 Exception <a 'java/lang/NoSuchMethodError': Method sun.misc.Unsafe.defineClass(Ljava/lang/String;[BII)Ljava/lang/Class; name or signature does not match> (0x00000000d6007cc0) thrown at [C:\re\workspace\8-2-build-windows-amd64-cygwin\jdk8u91\6644\hotspot\srQ ≈f∞?
Event: 0.064 Thread 0x0000000002738000 Exception <a 'java/lang/NoSuchMethodError': Method sun.misc.Unsafe.prefetchRead(Ljava/lang/Object;J)V name or signature does not match> (0x00000000d6007fa8) thrown at [C:\re\workspace\8-2-build-windows-amd64-cygwin\jdk8u91\6644\hotspot\src\share\vm\prims\jÂGê#qæ‡?
Event: 0.523 Thread 0x0000000002738000 Exception <a 'java/security/PrivilegedActionException'> (0x00000000d613e3f8) thrown at [C:\re\workspace\8-2-build-windows-amd64-cygwin\jdk8u91\6644\hotspot\src\share\vm\prims\jvm.cpp, line 1386]
Event: 0.523 Thread 0x0000000002738000 Exception <a 'java/security/PrivilegedActionException'> (0x00000000d613e608) thrown at [C:\re\workspace\8-2-build-windows-amd64-cygwin\jdk8u91\6644\hotspot\src\share\vm\prims\jvm.cpp, line 1386]
Event: 0.525 Thread 0x0000000002738000 Exception <a 'java/security/PrivilegedActionException'> (0x00000000d6142398) thrown at [C:\re\workspace\8-2-build-windows-amd64-cygwin\jdk8u91\6644\hotspot\src\share\vm\prims\jvm.cpp, line 1386]
Event: 0.525 Thread 0x0000000002738000 Exception <a 'java/security/PrivilegedActionException'> (0x00000000d61425a8) thrown at [C:\re\workspace\8-2-build-windows-amd64-cygwin\jdk8u91\6644\hotspot\src\share\vm\prims\jvm.cpp, line 1386]
Event: 109.290 Thread 0x0000000002738000 Implicit null exception at 0x0000000002bac152 to 0x0000000002bac4b5

Events (10 events):
Event: 597.471 Executing VM operation: ParallelGCFailedAllocation
Event: 597.500 Executing VM operation: ParallelGCFailedAllocation done
Event: 598.992 Executing VM operation: ParallelGCFailedAllocation
Event: 599.024 Executing VM operation: ParallelGCFailedAllocation done
Event: 599.700 Executing VM operation: ParallelGCFailedAllocation
Event: 599.733 Executing VM operation: ParallelGCFailedAllocation done
Event: 600.719 Executing VM operation: ParallelGCFailedAllocation
Event: 600.756 Executing VM operation: ParallelGCFailedAllocation done
Event: 782.762 Executing VM operation: RedefineClasses
Event: 782.777 Executing VM operation: RedefineClasses done


Dynamic libraries:
0x00007ff77eed0000 - 0x00007ff77ef07000 	C:\Program Files\Java\jre1.8.0_91\bin\javaw.exe
0x00007ff9ee6e0000 - 0x00007ff9ee88d000 	C:\Windows\SYSTEM32\ntdll.dll
0x00007ff9ecdd0000 - 0x00007ff9ecf0e000 	C:\Windows\system32\KERNEL32.DLL
0x00007ff9ebbb0000 - 0x00007ff9ebcc5000 	C:\Windows\system32\KERNELBASE.dll
0x00007ff9ea100000 - 0x00007ff9ea18e000 	C:\Windows\system32\apphelp.dll
0x00007ff9de6d0000 - 0x00007ff9de723000 	C:\Windows\AppPatch\AppPatch64\AcGenral.DLL
0x00007ff9ec580000 - 0x00007ff9ec62a000 	C:\Windows\system32\msvcrt.dll
0x00007ff9ebcd0000 - 0x00007ff9ebcfe000 	C:\Windows\system32\SspiCli.dll
0x00007ff9ed090000 - 0x00007ff9ed0e4000 	C:\Windows\system32\SHLWAPI.dll
0x00007ff9ecf10000 - 0x00007ff9ed087000 	C:\Windows\system32\USER32.dll
0x00007ff9ecc20000 - 0x00007ff9ecdb4000 	C:\Windows\system32\ole32.dll
0x00007ff9ed1b0000 - 0x00007ff9ee6d8000 	C:\Windows\system32\SHELL32.dll
0x00007ff9eae30000 - 0x00007ff9eae51000 	C:\Windows\SYSTEM32\USERENV.dll
0x00007ff9ecb70000 - 0x00007ff9ecc1a000 	C:\Windows\system32\ADVAPI32.dll
0x00007ff9e9130000 - 0x00007ff9e914e000 	C:\Windows\SYSTEM32\MPR.dll
0x00007ff9ec420000 - 0x00007ff9ec560000 	C:\Windows\system32\RPCRT4.dll
0x00007ff9ebd60000 - 0x00007ff9ebdb9000 	C:\Windows\SYSTEM32\sechost.dll
0x00007ff9ec030000 - 0x00007ff9ec241000 	C:\Windows\SYSTEM32\combase.dll
0x00007ff9ebe80000 - 0x00007ff9ebfcf000 	C:\Windows\system32\GDI32.dll
0x00007ff9eb800000 - 0x00007ff9eb815000 	C:\Windows\SYSTEM32\profapi.dll
0x00007ff9ea040000 - 0x00007ff9ea0f2000 	C:\Windows\SYSTEM32\SHCORE.dll
0x00007ff9ec690000 - 0x00007ff9ec6c6000 	C:\Windows\system32\IMM32.DLL
0x00007ff9eca10000 - 0x00007ff9ecb62000 	C:\Windows\system32\MSCTF.dll
0x00007ff9e9960000 - 0x00007ff9e9bdb000 	C:\Windows\WinSxS\amd64_microsoft.windows.common-controls_6595b64144ccf1df_6.0.9600.18006_none_623f33d3ecbe86e8\COMCTL32.dll
0x0000000059360000 - 0x0000000059432000 	C:\Program Files\Java\jre1.8.0_91\bin\msvcr100.dll
0x00000000595f0000 - 0x0000000059e83000 	C:\Program Files\Java\jre1.8.0_91\bin\server\jvm.dll
0x00007ff9df730000 - 0x00007ff9df739000 	C:\Windows\SYSTEM32\WSOCK32.dll
0x00007ff9e1a50000 - 0x00007ff9e1a72000 	C:\Windows\SYSTEM32\WINMM.dll
0x00007ff9e8fe0000 - 0x00007ff9e8fea000 	C:\Windows\SYSTEM32\VERSION.dll
0x00007ff9ec410000 - 0x00007ff9ec417000 	C:\Windows\system32\PSAPI.DLL
0x00007ff9ebfd0000 - 0x00007ff9ec02a000 	C:\Windows\system32\WS2_32.dll
0x00007ff9e1a20000 - 0x00007ff9e1a4a000 	C:\Windows\SYSTEM32\WINMMBASE.dll
0x00007ff9eca00000 - 0x00007ff9eca09000 	C:\Windows\system32\NSI.dll
0x00007ff9eb8d0000 - 0x00007ff9eb91f000 	C:\Windows\SYSTEM32\cfgmgr32.dll
0x00007ff9ea650000 - 0x00007ff9ea678000 	C:\Windows\SYSTEM32\DEVOBJ.dll
0x0000000059500000 - 0x000000005950f000 	C:\Program Files\Java\jre1.8.0_91\bin\verify.dll
0x00000000594d0000 - 0x00000000594f9000 	C:\Program Files\Java\jre1.8.0_91\bin\java.dll
0x0000000059320000 - 0x0000000059355000 	C:\Program Files\Java\jre1.8.0_91\bin\jdwp.dll
0x0000000059310000 - 0x0000000059318000 	C:\Program Files\Java\jre1.8.0_91\bin\npt.dll
0x00000000594b0000 - 0x00000000594c6000 	C:\Program Files\Java\jre1.8.0_91\bin\zip.dll
0x0000000059300000 - 0x0000000059309000 	C:\Program Files\Java\jre1.8.0_91\bin\dt_socket.dll
0x00007ff9e0d20000 - 0x00007ff9e0d35000 	C:\Windows\system32\napinsp.dll
0x00007ff9e0d40000 - 0x00007ff9e0d5a000 	C:\Windows\system32\pnrpnsp.dll
0x00007ff9e62c0000 - 0x00007ff9e62db000 	C:\Windows\system32\NLAapi.dll
0x00007ff9eb0a0000 - 0x00007ff9eb0f9000 	C:\Windows\System32\mswsock.dll
0x00007ff9eaea0000 - 0x00007ff9eaf44000 	C:\Windows\SYSTEM32\DNSAPI.dll
0x00007ff9e0eb0000 - 0x00007ff9e0ebd000 	C:\Windows\System32\winrnr.dll
0x00007ff9e0d60000 - 0x00007ff9e0d74000 	C:\Windows\system32\wshbth.dll
0x000000005a430000 - 0x000000005a465000 	C:\Program Files\Bonjour\mdnsNSP.dll
0x00007ff9e5ca0000 - 0x00007ff9e5cca000 	C:\Windows\SYSTEM32\Iphlpapi.DLL
0x00007ff9e5c90000 - 0x00007ff9e5c9a000 	C:\Windows\SYSTEM32\WINNSI.DLL
0x00007ff9e2e80000 - 0x00007ff9e2eeb000 	C:\Windows\System32\fwpuclnt.dll
0x00007ff9e0d80000 - 0x00007ff9e0d8a000 	C:\Windows\System32\rasadhlp.dll
0x0000000059490000 - 0x00000000594aa000 	C:\Program Files\Java\jre1.8.0_91\bin\net.dll
0x00007ff9e01c0000 - 0x00007ff9e0349000 	C:\Windows\SYSTEM32\dbghelp.dll

VM Arguments:
jvm_args: -agentlib:jdwp=transport=dt_socket,suspend=y,address=localhost:54692 -Dfile.encoding=UTF-8 
java_command: br.com.lummi.sge.controllers.ProjetoController
java_class_path (initial): C:\Users\luizfernando\Documents\sge\target\classes;C:\apache-tomcat-8.0.36\lib\annotations-api.jar;C:\apache-tomcat-8.0.36\lib\catalina-ant.jar;C:\apache-tomcat-8.0.36\lib\catalina-ha.jar;C:\apache-tomcat-8.0.36\lib\catalina-storeconfig.jar;C:\apache-tomcat-8.0.36\lib\catalina-tribes.jar;C:\apache-tomcat-8.0.36\lib\catalina.jar;C:\apache-tomcat-8.0.36\lib\ecj-4.5.jar;C:\apache-tomcat-8.0.36\lib\el-api.jar;C:\apache-tomcat-8.0.36\lib\jasper-el.jar;C:\apache-tomcat-8.0.36\lib\jasper.jar;C:\apache-tomcat-8.0.36\lib\jsp-api.jar;C:\apache-tomcat-8.0.36\lib\servlet-api.jar;C:\apache-tomcat-8.0.36\lib\tomcat-api.jar;C:\apache-tomcat-8.0.36\lib\tomcat-coyote.jar;C:\apache-tomcat-8.0.36\lib\tomcat-dbcp.jar;C:\apache-tomcat-8.0.36\lib\tomcat-i18n-es.jar;C:\apache-tomcat-8.0.36\lib\tomcat-i18n-fr.jar;C:\apache-tomcat-8.0.36\lib\tomcat-i18n-ja.jar;C:\apache-tomcat-8.0.36\lib\tomcat-jdbc.jar;C:\apache-tomcat-8.0.36\lib\tomcat-jni.jar;C:\apache-tomcat-8.0.36\lib\tomcat-util-scan.jar;C:\apache-tomcat-8.0.36\lib\tomcat-util.jar;C:\apache-tomcat-8.0.36\lib\tomcat-websocket.jar;C:\apache-tomcat-8.0.36\lib\websocket-api.jar;C:\Users\luizfernando\Desktop\firebirdsql-full.jar;C:\Users\luizfernando\.m2\repository\br\com\prixma\vraptor-jasperreport\4.1.0\vraptor-jasperreport-4.1.0.jar;C:\Users\luizfernando\.m2\repository\org\hamcrest\hamcrest-all\1.1\hamcrest-all-1.1.jar;C:\Users\luizfernando\.m2\repository\br\com\caelum\vraptor\4.1.4\vraptor-4.1.4.jar;C:\Users\luizfernando\.m2\repository\com\google\guava\guava\15.0\guava-15.0.jar;C:\Users\luizfernando\.m2\repository\br\com\caelum\iogi\1.0.0\iogi-1.0.0.jar;C:\Users\luizfernando\.m2\repository\org\javassist\javassist\3.18.1-GA\javassist-3.18.1-GA.jar;C:\Users\luizfernando\.m2\repository\org\slf4j\slf4j-api\1.7.5\slf4j-api-1.7.5.jar;C:\Users\luizfernando\.m2\repository\net\vidageek\mirror\1.6.1\mirror-1.6.1.jar;C:\Users\luizfernando\.m2\repository\com\thoughtworks\paranamer\paranamer\2.7\paranamer-2.7.jar;C:\Use
Launcher Type: SUN_STANDARD

Environment Variables:
JAVA_HOME=C:\Program Files\Java\jdk1.8.0_73
PATH=C:/Program Files/Java/jre1.8.0_91/bin/server;C:/Program Files/Java/jre1.8.0_91/bin;C:/Program Files/Java/jre1.8.0_91/lib/amd64;C:\Program Files (x86)\CA\SC\CAWIN\;C:\Program Files (x86)\Intel\iCLS Client\;C:\Program Files\Intel\iCLS Client\;C:\ProgramData\Oracle\Java\javapath;C:\Windows\system32;C:\Windows;C:\Windows\System32\Wbem;C:\Windows\System32\WindowsPowerShell\v1.0\;C:\Program Files\TortoiseGit\bin;C:\Program Files (x86)\ATI Technologies\ATI.ACE\Core-Static;C:\Program Files\Java\jdk1.8.0_73\bin;C:\Users\brunodias\apache-maven-3.3.3\bin;C:\Users\brunodias\atlassian-plugin-sdk\bin;C:\Program Files (x86)\Subversion\bin;C:\Users\brunodias\android-sdk-windows\platform-tools;C:\Users\brunodias\atlassian-plugin-sdk\bin;C:\Users\brunodias\gradle-2.11-all\gradle-2.11\bin;C:\Program Files (x86)\Git\bin;C:\Program Files\Intel\Intel(R) Management Engine Components\DAL;C:\Program Files\Intel\Intel(R) Management Engine Components\IPT;C:\Program Files (x86)\Intel\Intel(R) Management Engine Components\DAL;C:\Program Files (x86)\Intel\Intel(R) Management Engine Components\IPT;C:\Program Files\TortoiseSVN\bin;C:\Users\luizfernando\.dnx\bin;C:\Program Files\Microsoft DNX\Dnvm\;C:\Program Files (x86)\Windows Kits\8.1\Windows Performance Toolkit\;C:\Program Files (x86)\Microsoft Emulator Manager\1.0\;C:\Program Files (x86)\Skype\Phone\;C:\Program Files (x86)\nodejs\;C:\Program Files\CA\Directory\dxserver\bin;C:\Program Files (x86)\MySQL\MySQL Fabric 1.5 & MySQL Utilities 1.5\;C:\Program Files (x86)\MySQL\MySQL Fabric 1.5 & MySQL Utilities 1.5\Doctrine extensions for PHP\;C:\PROGRA~2\CA\SC\CAM\bin;C:\Program Files (x86)\CA\SC\Csam\SockAdapter\bin;C:\Program Files (x86)\CA\SC\Csam\SockAdapter\bin64;C:\Program Files (x86)\CA\SC\CBB\;C:\Program Files (x86)\CA\DSM\bin;C:\Program Files\PostgreSQL\9.4\BIN;C:\Program Files (x86)\PuTTY\;C:\Users\luizfernando\Desktop\eclipse;
USERNAME=luizfernando
OS=Windows_NT
PROCESSOR_IDENTIFIER=Intel64 Family 6 Model 58 Stepping 9, GenuineIntel



---------------  S Y S T E M  ---------------

OS: Windows 8.1 , 64 bit Build 9600 (6.3.9600.17415)

CPU:total 8 (4 cores per cpu, 2 threads per core) family 6 model 58 stepping 9, cmov, cx8, fxsr, mmx, sse, sse2, sse3, ssse3, sse4.1, sse4.2, popcnt, avx, aes, clmul, erms, ht, tsc, tscinvbit, tscinv

Memory: 4k page, physical 8254744k(1777224k free), swap 12711192k(4412840k free)

vm_info: Java HotSpot(TM) 64-Bit Server VM (25.91-b14) for windows-amd64 JRE (1.8.0_91-b14), built on Apr  1 2016 00:58:32 by "java_re" with MS VC++ 10.0 (VS2010)

time: Mon May 08 14:51:53 2017
elapsed time: 782 seconds (0d 0h 13m 2s)

